2025-06-21 00:33:27 - DataLoop - INFO - info:242 - FileScanner inicializado
2025-06-21 00:33:27 - DataLoop - INFO - info:242 - AutomatedCleanupAction inicializado
2025-06-21 00:33:27 - DataLoop - INFO - info:242 - CleanupScheduler inicializado con configuración del sistema
2025-06-21 00:33:27 - DataLoop - INFO - info:242 - Configuración: {'daily_cleanup_time': '02:00', 'weekly_deep_scan_day': 'saturday', 'weekly_deep_scan_time': '03:00', 'auto_remove_duplicates': False, 'keep_strategy': 'oldest', 'monitored_directories': ['C:\\Users\\russe\\Documents', 'C:\\Users\\russe\\Downloads', 'C:\\Users\\russe\\Pictures', 'C:\\Users\\russe\\Videos', 'C:\\Users\\russe\\Music', 'C:\\Users\\russe\\Desktop'], 'max_workers': 16, 'memory_limit_mb': 1953}
2025-06-21 00:35:36 - DataLoop - INFO - info:242 - FileScanner inicializado
2025-06-21 17:46:08 - DataLoop - INFO - info:242 - FileScanner inicializado
2025-06-21 17:46:08 - DataLoop - INFO - info:242 - AutomatedCleanupAction inicializado
2025-06-21 17:46:08 - DataLoop - INFO - info:242 - CleanupScheduler inicializado con configuración del sistema
2025-06-21 17:46:08 - DataLoop - INFO - info:242 - Configuración: {'daily_cleanup_time': '02:00', 'weekly_deep_scan_day': 'saturday', 'weekly_deep_scan_time': '03:00', 'auto_remove_duplicates': False, 'keep_strategy': 'oldest', 'monitored_directories': ['C:\\Users\\russe\\Documents', 'C:\\Users\\russe\\Downloads', 'C:\\Users\\russe\\Pictures', 'C:\\Users\\russe\\Videos', 'C:\\Users\\russe\\Music', 'C:\\Users\\russe\\Desktop'], 'max_workers': 16, 'memory_limit_mb': 1953}
2025-06-21 17:48:29 - DataLoop - INFO - info:242 - FileScanner inicializado
2025-06-21 17:48:29 - DataLoop - INFO - info:242 - AutomatedCleanupAction inicializado
2025-06-21 17:48:29 - DataLoop - INFO - info:242 - CleanupScheduler inicializado con configuración del sistema
2025-06-21 17:48:29 - DataLoop - INFO - info:242 - Configuración: {'daily_cleanup_time': '02:00', 'weekly_deep_scan_day': 'saturday', 'weekly_deep_scan_time': '03:00', 'auto_remove_duplicates': False, 'keep_strategy': 'oldest', 'monitored_directories': ['C:\\Users\\russe\\Documents', 'C:\\Users\\russe\\Downloads', 'C:\\Users\\russe\\Pictures', 'C:\\Users\\russe\\Videos', 'C:\\Users\\russe\\Music', 'C:\\Users\\russe\\Desktop'], 'max_workers': 16, 'memory_limit_mb': 1953}
2025-06-21 17:48:53 - DataLoop - INFO - info:242 - FileScanner inicializado
2025-06-21 17:49:03 - DataLoop - INFO - info:242 - FileScanner inicializado
2025-06-21 17:49:04 - DataLoop - INFO - info:242 - Iniciando escaneo de directorio: C:\Users\russe\Downloads
2025-06-21 17:49:04 - DataLoop - INFO - info:242 - Parámetros: subdirs=True, min_size=0.0MB, max_files=10000
2025-06-21 17:49:06 - DataLoop - INFO - info:242 - Archivos encontrados: 17947, válidos: 217
2025-06-21 17:49:06 - DataLoop - INFO - info:242 - Procesando 217 archivos después de filtros
2025-06-21 17:49:06 - DataLoop - INFO - info:242 - 🔴 Duplicado: C:\Users\russe\Downloads\GUIA LABORATORIO 1.docx
2025-06-21 17:49:06 - DataLoop - INFO - info:242 -    Original: C:\Users\russe\Downloads\GUIA LABORATORIO 1 - copia.docx
2025-06-21 17:49:06 - DataLoop - INFO - info:242 - Procesados: 100/217 archivos
2025-06-21 17:49:08 - DataLoop - INFO - info:242 - 🔴 Duplicado: C:\Users\russe\Downloads\TI3032_U3_ES_GUÍA.docx
2025-06-21 17:49:08 - DataLoop - INFO - info:242 -    Original: C:\Users\russe\Downloads\TI3032_U3_ES_GUÍA - copia.docx
2025-06-21 17:49:08 - DataLoop - INFO - info:242 - 🔴 Duplicado: C:\Users\russe\Downloads\VTJGc2RHVmtYMThHMXZZNGw5WVUzL3hYSzZVQUQ1NU9NZFljUXYrWWgrTTZLd3hqWWNNM041VExndnRCN2FySVJyMVNGQ1d4R3JPT2tDSzl2dVJrU2lQN3ZKakJJUHA2VUFiamVGOUxSd1l1UDlPaDNvWXNpVDRuRXF1cHFiL28=.pdf
2025-06-21 17:49:08 - DataLoop - INFO - info:242 -    Original: C:\Users\russe\Downloads\contrato (1).pdf
2025-06-21 17:49:08 - DataLoop - INFO - info:242 - ==================================================
2025-06-21 17:49:08 - DataLoop - INFO - info:242 - RESULTADOS DEL ESCANEO
2025-06-21 17:49:08 - DataLoop - INFO - info:242 - ==================================================
2025-06-21 17:49:08 - DataLoop - INFO - info:242 - ⏱️  Tiempo total: 4.09 segundos
2025-06-21 17:49:08 - DataLoop - INFO - info:242 - 📁 Archivos procesados: 130
2025-06-21 17:49:08 - DataLoop - INFO - info:242 - 🔴 Duplicados encontrados: 3
2025-06-21 17:49:08 - DataLoop - INFO - info:242 - 💾 Espacio total: 798.1 MB
2025-06-21 17:49:08 - DataLoop - INFO - info:242 - 🗑️  Espacio a liberar: 8.3 MB
2025-06-21 17:49:08 - DataLoop - INFO - info:242 - 📊 Grupos de duplicados: 3
2025-06-21 17:49:08 - DataLoop - INFO - info:242 - 💡 Ahorro potencial: 1.0% del espacio total
2025-06-21 17:49:08 - DataLoop - INFO - info:242 - ==================================================
2025-06-21 17:49:08 - DataLoop - ERROR - error:262 - File ID not found in captured IDs for path: C:\Users\russe\Downloads\GUIA LABORATORIO 1.docx
2025-06-21 17:49:08 - DataLoop - ERROR - error:262 - File ID not found in captured IDs for path: C:\Users\russe\Downloads\TI3032_U3_ES_GUÍA.docx
2025-06-21 17:49:08 - DataLoop - ERROR - error:262 - File ID not found in captured IDs for path: C:\Users\russe\Downloads\VTJGc2RHVmtYMThHMXZZNGw5WVUzL3hYSzZVQUQ1NU9NZFljUXYrWWgrTTZLd3hqWWNNM041VExndnRCN2FySVJyMVNGQ1d4R3JPT2tDSzl2dVJrU2lQN3ZKakJJUHA2VUFiamVGOUxSd1l1UDlPaDNvWXNpVDRuRXF1cHFiL28=.pdf
2025-06-21 17:49:08 - DataLoop - INFO - info:242 - Iniciando escaneo de directorio: C:\Users\russe\Desktop
2025-06-21 17:49:08 - DataLoop - INFO - info:242 - Parámetros: subdirs=True, min_size=0.0MB, max_files=10000
2025-06-21 17:49:18 - DataLoop - INFO - info:242 - Archivos encontrados: 52710, válidos: 26267
2025-06-21 17:49:25 - DataLoop - INFO - info:242 - Procesando 10000 archivos después de filtros
2025-06-21 17:49:25 - DataLoop - INFO - info:242 - 🔴 Duplicado: C:\Users\russe\Desktop\Proyecto Dataloop\EntornoV-dataloop\Lib\site-packages\joblib\test\data\joblib_0.9.2_compressed_pickle_py27_np17.gz
2025-06-21 17:49:25 - DataLoop - INFO - info:242 -    Original: C:\Users\russe\Desktop\Proyecto Dataloop\EntornoV-dataloop\Lib\site-packages\joblib\test\data\joblib_0.9.2_compressed_pickle_py27_np16.gz
2025-06-21 17:49:25 - DataLoop - INFO - info:242 - 🔴 Duplicado: C:\Users\russe\Desktop\Proyecto Dataloop\EntornoV-dataloop\Lib\site-packages\joblib\test\data\joblib_0.9.2_compressed_pickle_py35_np19.gz
2025-06-21 17:49:25 - DataLoop - INFO - info:242 -    Original: C:\Users\russe\Desktop\Proyecto Dataloop\EntornoV-dataloop\Lib\site-packages\joblib\test\data\joblib_0.9.2_compressed_pickle_py34_np19.gz
2025-06-21 17:49:25 - DataLoop - INFO - info:242 - 🔴 Duplicado: C:\Users\russe\Desktop\Proyecto Dataloop\EntornoV-dataloop\Lib\site-packages\numpy-1.24.4.dist-info\LICENSE.txt
2025-06-21 17:49:25 - DataLoop - INFO - info:242 -    Original: C:\Users\russe\Desktop\Proyecto Dataloop\EntornoV-dataloop\Lib\site-packages\numpy\LICENSE.txt
2025-06-21 17:49:25 - DataLoop - INFO - info:242 - ==================================================
2025-06-21 17:49:25 - DataLoop - INFO - info:242 - RESULTADOS DEL ESCANEO
2025-06-21 17:49:25 - DataLoop - INFO - info:242 - ==================================================
2025-06-21 17:49:25 - DataLoop - INFO - info:242 - ⏱️  Tiempo total: 17.06 segundos
2025-06-21 17:49:25 - DataLoop - INFO - info:242 - 📁 Archivos procesados: 69
2025-06-21 17:49:25 - DataLoop - INFO - info:242 - 🔴 Duplicados encontrados: 3
2025-06-21 17:49:25 - DataLoop - INFO - info:242 - 💾 Espacio total: 1.6 MB
2025-06-21 17:49:25 - DataLoop - INFO - info:242 - 🗑️  Espacio a liberar: 49.0 KB
2025-06-21 17:49:25 - DataLoop - INFO - info:242 - 📊 Grupos de duplicados: 3
2025-06-21 17:49:25 - DataLoop - INFO - info:242 - 💡 Ahorro potencial: 2.9% del espacio total
2025-06-21 17:49:25 - DataLoop - INFO - info:242 - ==================================================
2025-06-21 17:49:25 - DataLoop - ERROR - error:262 - File ID not found in captured IDs for path: C:\Users\russe\Desktop\Proyecto Dataloop\EntornoV-dataloop\Lib\site-packages\joblib\test\data\joblib_0.9.2_compressed_pickle_py27_np17.gz
2025-06-21 17:49:25 - DataLoop - ERROR - error:262 - File ID not found in captured IDs for path: C:\Users\russe\Desktop\Proyecto Dataloop\EntornoV-dataloop\Lib\site-packages\joblib\test\data\joblib_0.9.2_compressed_pickle_py35_np19.gz
2025-06-21 17:49:25 - DataLoop - ERROR - error:262 - File ID not found in captured IDs for path: C:\Users\russe\Desktop\Proyecto Dataloop\EntornoV-dataloop\Lib\site-packages\numpy-1.24.4.dist-info\LICENSE.txt
2025-06-21 17:49:25 - DataLoop - INFO - info:242 - Iniciando escaneo de directorio: C:\Users\russe\Documents
2025-06-21 17:49:25 - DataLoop - INFO - info:242 - Parámetros: subdirs=True, min_size=0.0MB, max_files=10000
2025-06-21 17:49:28 - DataLoop - ERROR - error:262 - Error accediendo al directorio C:\Users\russe\Documents: [WinError 3] El sistema no puede encontrar la ruta especificada: 'C:\\Users\\russe\\Documents\\GitHub\\EcoFood-React-P2-VA.CV.RM\\node_modules\\ecofood-react-p2-va-cv-rm\\node_modules\\ecofood-react-p2-va-cv-rm\\node_modules\\ecofood-react-p2-va-cv-rm\\node_modules\\@eslint-community\\eslint-utils\\node_modules\\eslint-visitor-keys\\dist'
2025-06-21 17:49:28 - DataLoop - INFO - info:242 - Procesando 0 archivos después de filtros
2025-06-21 17:49:28 - DataLoop - INFO - info:242 - ==================================================
2025-06-21 17:49:28 - DataLoop - INFO - info:242 - RESULTADOS DEL ESCANEO
2025-06-21 17:49:28 - DataLoop - INFO - info:242 - ==================================================
2025-06-21 17:49:28 - DataLoop - INFO - info:242 - ⏱️  Tiempo total: 2.80 segundos
2025-06-21 17:49:28 - DataLoop - INFO - info:242 - 📁 Archivos procesados: 0
2025-06-21 17:49:28 - DataLoop - INFO - info:242 - 🔴 Duplicados encontrados: 0
2025-06-21 17:49:28 - DataLoop - INFO - info:242 - 💾 Espacio total: 0 B
2025-06-21 17:49:28 - DataLoop - INFO - info:242 - 🗑️  Espacio a liberar: 0 B
2025-06-21 17:49:28 - DataLoop - INFO - info:242 - 📊 Grupos de duplicados: 0
2025-06-21 17:49:28 - DataLoop - INFO - info:242 - ==================================================
2025-06-21 17:49:28 - DataLoop - INFO - info:242 - Iniciando escaneo de directorio: C:\Users\russe\Pictures
2025-06-21 17:49:28 - DataLoop - INFO - info:242 - Parámetros: subdirs=True, min_size=0.0MB, max_files=10000
2025-06-21 17:49:28 - DataLoop - INFO - info:242 - Archivos encontrados: 36, válidos: 34
2025-06-21 17:49:28 - DataLoop - INFO - info:242 - Procesando 34 archivos después de filtros
2025-06-21 17:49:28 - DataLoop - INFO - info:242 - ==================================================
2025-06-21 17:49:28 - DataLoop - INFO - info:242 - RESULTADOS DEL ESCANEO
2025-06-21 17:49:28 - DataLoop - INFO - info:242 - ==================================================
2025-06-21 17:49:28 - DataLoop - INFO - info:242 - ⏱️  Tiempo total: 0.11 segundos
2025-06-21 17:49:28 - DataLoop - INFO - info:242 - 📁 Archivos procesados: 32
2025-06-21 17:49:28 - DataLoop - INFO - info:242 - 🔴 Duplicados encontrados: 0
2025-06-21 17:49:28 - DataLoop - INFO - info:242 - 💾 Espacio total: 8.9 MB
2025-06-21 17:49:28 - DataLoop - INFO - info:242 - 🗑️  Espacio a liberar: 0 B
2025-06-21 17:49:28 - DataLoop - INFO - info:242 - 📊 Grupos de duplicados: 0
2025-06-21 17:49:28 - DataLoop - INFO - info:242 - ==================================================
2025-06-21 17:49:28 - DataLoop - INFO - info:242 - Iniciando escaneo de directorio: C:\Users\russe\Music
2025-06-21 17:49:28 - DataLoop - INFO - info:242 - Parámetros: subdirs=True, min_size=0.0MB, max_files=10000
2025-06-21 17:49:28 - DataLoop - INFO - info:242 - Archivos encontrados: 1, válidos: 1
2025-06-21 17:49:28 - DataLoop - INFO - info:242 - Procesando 1 archivos después de filtros
2025-06-21 17:49:28 - DataLoop - INFO - info:242 - ==================================================
2025-06-21 17:49:28 - DataLoop - INFO - info:242 - RESULTADOS DEL ESCANEO
2025-06-21 17:49:28 - DataLoop - INFO - info:242 - ==================================================
2025-06-21 17:49:28 - DataLoop - INFO - info:242 - ⏱️  Tiempo total: 0.01 segundos
2025-06-21 17:49:28 - DataLoop - INFO - info:242 - 📁 Archivos procesados: 0
2025-06-21 17:49:28 - DataLoop - INFO - info:242 - 🔴 Duplicados encontrados: 0
2025-06-21 17:49:28 - DataLoop - INFO - info:242 - 💾 Espacio total: 0 B
2025-06-21 17:49:28 - DataLoop - INFO - info:242 - 🗑️  Espacio a liberar: 0 B
2025-06-21 17:49:28 - DataLoop - INFO - info:242 - 📊 Grupos de duplicados: 0
2025-06-21 17:49:28 - DataLoop - INFO - info:242 - ==================================================
2025-06-21 17:49:28 - DataLoop - INFO - info:242 - Iniciando escaneo de directorio: C:\Users\russe\Videos
2025-06-21 17:49:28 - DataLoop - INFO - info:242 - Parámetros: subdirs=True, min_size=0.0MB, max_files=10000
2025-06-21 17:49:28 - DataLoop - INFO - info:242 - Archivos encontrados: 3, válidos: 2
2025-06-21 17:49:28 - DataLoop - INFO - info:242 - Procesando 2 archivos después de filtros
2025-06-21 17:49:28 - DataLoop - INFO - info:242 - ==================================================
2025-06-21 17:49:28 - DataLoop - INFO - info:242 - RESULTADOS DEL ESCANEO
2025-06-21 17:49:28 - DataLoop - INFO - info:242 - ==================================================
2025-06-21 17:49:28 - DataLoop - INFO - info:242 - ⏱️  Tiempo total: 0.01 segundos
2025-06-21 17:49:28 - DataLoop - INFO - info:242 - 📁 Archivos procesados: 0
2025-06-21 17:49:28 - DataLoop - INFO - info:242 - 🔴 Duplicados encontrados: 0
2025-06-21 17:49:28 - DataLoop - INFO - info:242 - 💾 Espacio total: 0 B
2025-06-21 17:49:28 - DataLoop - INFO - info:242 - 🗑️  Espacio a liberar: 0 B
2025-06-21 17:49:28 - DataLoop - INFO - info:242 - 📊 Grupos de duplicados: 0
2025-06-21 17:49:28 - DataLoop - INFO - info:242 - ==================================================
2025-06-21 17:50:40 - DataLoop - INFO - info:242 - FileScanner inicializado
